  [1m[35m (0.9ms)[0m  [1m[34mSELECT sqlite_version(*)[0m
  [1m[35m (1.5ms)[0m  [1m[35mCREATE TABLE "schema_migrations" ("version" varchar NOT NULL PRIMARY KEY)[0m
  [1m[35m (1.0ms)[0m  [1m[35mCREATE TABLE "ar_internal_metadata" ("key" varchar NOT NULL PRIMARY KEY, "value" varchar, "created_at" datetime(6) NOT NULL, "updated_at" datetime(6) NOT NULL)[0m
  [1m[35m (0.1ms)[0m  [1m[34mSELECT "schema_migrations"."version" FROM "schema_migrations" ORDER BY "schema_migrations"."version" ASC[0m
Migrating to CreateProductions (20221031182801)
  [1m[36mTRANSACTION (0.0ms)[0m  [1m[36mbegin transaction[0m
  [1m[35m (0.4ms)[0m  [1m[35mCREATE TABLE "productions" ("id" integer PRIMARY KEY AUTOINCREMENT NOT NULL, "title" varchar, "genre" varchar, "description" text, "budget" float, "image" varchar, "director" varchar, "created_at" datetime(6) NOT NULL, "updated_at" datetime(6) NOT NULL)[0m
  [1m[36mActiveRecord::SchemaMigration Create (0.1ms)[0m  [1m[32mINSERT INTO "schema_migrations" ("version") VALUES (?)[0m  [["version", "20221031182801"]]
  [1m[36mTRANSACTION (0.7ms)[0m  [1m[36mcommit transaction[0m
Migrating to AddColumnOngoingToProduction (20221031183336)
  [1m[36mTRANSACTION (0.0ms)[0m  [1m[36mbegin transaction[0m
  [1m[35m (0.4ms)[0m  [1m[35mALTER TABLE "productions" ADD "ongoing" boolean[0m
  [1m[36mActiveRecord::SchemaMigration Create (0.1ms)[0m  [1m[32mINSERT INTO "schema_migrations" ("version") VALUES (?)[0m  [["version", "20221031183336"]]
  [1m[36mTRANSACTION (0.6ms)[0m  [1m[36mcommit transaction[0m
  [1m[36mActiveRecord::InternalMetadata Load (0.1ms)[0m  [1m[34mSELECT "ar_internal_metadata".* FROM "ar_internal_metadata" WHERE "ar_internal_metadata"."key" = ? LIMIT ?[0m  [["key", "environment"], ["LIMIT", 1]]
  [1m[36mTRANSACTION (0.1ms)[0m  [1m[36mbegin transaction[0m
  [1m[36mActiveRecord::InternalMetadata Create (0.4ms)[0m  [1m[32mINSERT INTO "ar_internal_metadata" ("key", "value", "created_at", "updated_at") VALUES (?, ?, ?, ?)[0m  [["key", "environment"], ["value", "development"], ["created_at", "2022-10-31 18:35:05.559909"], ["updated_at", "2022-10-31 18:35:05.559909"]]
  [1m[36mTRANSACTION (0.6ms)[0m  [1m[36mcommit transaction[0m
  [1m[35m (0.0ms)[0m  [1m[34mSELECT sqlite_version(*)[0m
  [1m[35m (0.1ms)[0m  [1m[34mSELECT "schema_migrations"."version" FROM "schema_migrations" ORDER BY "schema_migrations"."version" ASC[0m
  [1m[35m (0.9ms)[0m  [1m[34mSELECT sqlite_version(*)[0m
  [1m[35m (0.1ms)[0m  [1m[34mSELECT "schema_migrations"."version" FROM "schema_migrations" ORDER BY "schema_migrations"."version" ASC[0m
  [1m[35m (0.1ms)[0m  [1m[34mSELECT sqlite_version(*)[0m
  [1m[36mTRANSACTION (0.0ms)[0m  [1m[36mbegin transaction[0m
  [1m[36mProduction Create (0.4ms)[0m  [1m[32mINSERT INTO "productions" ("title", "genre", "description", "budget", "image", "director", "created_at", "updated_at", "ongoing") VALUES (?, ?, ?, ?, ?, ?, ?, ?, ?)[0m  [["title", "Hamlet"], ["genre", "Horror"], ["description", "The Tragedy of Hamlet, Prince of Denmark"], ["budget", 100000.0], ["image", "https://upload.wikimedia.org/wikipedia/commons/6/6a/Edwin_Booth_Hamlet_1870.jpg"], ["director", "Bill S"], ["created_at", "2022-10-31 18:39:20.326017"], ["updated_at", "2022-10-31 18:39:20.326017"], ["ongoing", 1]]
  [1m[36mTRANSACTION (1.0ms)[0m  [1m[36mcommit transaction[0m
  [1m[35m (1.0ms)[0m  [1m[34mSELECT sqlite_version(*)[0m
  [1m[36mProduction Load (0.2ms)[0m  [1m[34mSELECT "productions".* FROM "productions" /* loading for inspect */ LIMIT ?[0m  [["LIMIT", 11]]
  [1m[35m (0.9ms)[0m  [1m[34mSELECT sqlite_version(*)[0m
  [1m[35m (0.3ms)[0m  [1m[34mSELECT "schema_migrations"."version" FROM "schema_migrations" ORDER BY "schema_migrations"."version" ASC[0m
  [1m[35m (0.0ms)[0m  [1m[34mSELECT sqlite_version(*)[0m
  [1m[36mTRANSACTION (0.0ms)[0m  [1m[36mbegin transaction[0m
  [1m[36mProduction Create (0.5ms)[0m  [1m[32mINSERT INTO "productions" ("title", "genre", "description", "budget", "image", "director", "created_at", "updated_at", "ongoing") VALUES (?, ?, ?, ?, ?, ?, ?, ?, ?)[0m  [["title", "Hamlet"], ["genre", "Horror"], ["description", "The Tragedy of Hamlet, Prince of Denmark"], ["budget", 100000.0], ["image", "https://upload.wikimedia.org/wikipedia/commons/6/6a/Edwin_Booth_Hamlet_1870.jpg"], ["director", "Bill S"], ["created_at", "2022-10-31 18:42:13.151010"], ["updated_at", "2022-10-31 18:42:13.151010"], ["ongoing", 1]]
  [1m[36mTRANSACTION (0.9ms)[0m  [1m[36mcommit transaction[0m
  [1m[36mTRANSACTION (0.0ms)[0m  [1m[36mbegin transaction[0m
  [1m[36mProduction Create (0.3ms)[0m  [1m[32mINSERT INTO "productions" ("title", "genre", "description", "budget", "image", "director", "created_at", "updated_at", "ongoing") VALUES (?, ?, ?, ?, ?, ?, ?, ?, ?)[0m  [["title", "Cats"], ["genre", "Musical"], ["description", " Jellicles cats sing and dance"], ["budget", 200000.0], ["image", "https://upload.wikimedia.org/wikipedia/en/3/3e/CatsMusicalLogo.jpg"], ["director", "Andrew Lloyd Webber"], ["created_at", "2022-10-31 18:42:13.154844"], ["updated_at", "2022-10-31 18:42:13.154844"], ["ongoing", 1]]
  [1m[36mTRANSACTION (0.6ms)[0m  [1m[36mcommit transaction[0m
  [1m[36mTRANSACTION (0.0ms)[0m  [1m[36mbegin transaction[0m
  [1m[36mProduction Create (0.3ms)[0m  [1m[32mINSERT INTO "productions" ("title", "genre", "description", "budget", "image", "director", "created_at", "updated_at", "ongoing") VALUES (?, ?, ?, ?, ?, ?, ?, ?, ?)[0m  [["title", "Carmen"], ["genre", "Opera"], ["description", "Set in southern Spain this is the story of the downfall of Don José, a naïve soldier who is seduced by the wiles of the fiery and beautiful Carmen."], ["budget", 200000.0], ["image", "https://upload.wikimedia.org/wikipedia/commons/thumb/d/d4/Prudent-Louis_Leray_-_Poster_for_the_premi%C3%A8re_of_Georges_Bizet%27s_Carmen.jpg/300px-Prudent-Louis_Leray_-_Poster_for_the_premi%C3%A8re_of_Georges_Bizet%27s_Carmen.jpg"], ["director", "Georges Bizet"], ["created_at", "2022-10-31 18:42:13.157631"], ["updated_at", "2022-10-31 18:42:13.157631"], ["ongoing", 0]]
  [1m[36mTRANSACTION (0.6ms)[0m  [1m[36mcommit transaction[0m
  [1m[36mTRANSACTION (0.0ms)[0m  [1m[36mbegin transaction[0m
  [1m[36mProduction Create (0.3ms)[0m  [1m[32mINSERT INTO "productions" ("title", "genre", "description", "budget", "image", "director", "created_at", "updated_at", "ongoing") VALUES (?, ?, ?, ?, ?, ?, ?, ?, ?)[0m  [["title", "Hamilton"], ["genre", "Musical"], ["description", "An American Musical is a sung-and-rapped-through musical by Lin-Manuel Miranda. It tells the story of American Founding Father Alexander Hamilton."], ["budget", 400000.0], ["image", "https://upload.wikimedia.org/wikipedia/en/thumb/8/83/Hamilton-poster.jpg/220px-Hamilton-poster.jpg"], ["director", "Lin-Manuel Miranda"], ["created_at", "2022-10-31 18:42:13.160411"], ["updated_at", "2022-10-31 18:42:13.160411"], ["ongoing", 0]]
  [1m[36mTRANSACTION (1.1ms)[0m  [1m[36mcommit transaction[0m
  [1m[35m (0.9ms)[0m  [1m[34mSELECT sqlite_version(*)[0m
  [1m[35m (0.1ms)[0m  [1m[34mSELECT "schema_migrations"."version" FROM "schema_migrations" ORDER BY "schema_migrations"."version" ASC[0m
  [1m[35m (0.1ms)[0m  [1m[34mSELECT "ar_internal_metadata"."value" FROM "ar_internal_metadata" WHERE "ar_internal_metadata"."key" = ?[0m  [["key", "environment"]]
  [1m[35m (0.1ms)[0m  [1m[34mSELECT "schema_migrations"."version" FROM "schema_migrations" ORDER BY "schema_migrations"."version" ASC[0m
  [1m[35m (0.1ms)[0m  [1m[34mSELECT "ar_internal_metadata"."value" FROM "ar_internal_metadata" WHERE "ar_internal_metadata"."key" = ?[0m  [["key", "environment"]]
  [1m[35m (0.1ms)[0m  [1m[34mSELECT "schema_migrations"."version" FROM "schema_migrations" ORDER BY "schema_migrations"."version" ASC[0m
  [1m[35m (0.1ms)[0m  [1m[34mSELECT "ar_internal_metadata"."value" FROM "ar_internal_metadata" WHERE "ar_internal_metadata"."key" = ?[0m  [["key", "environment"]]
  [1m[35m (0.0ms)[0m  [1m[34mSELECT sqlite_version(*)[0m
  [1m[35m (0.0ms)[0m  [1m[35mPRAGMA foreign_keys[0m
  [1m[35m (0.0ms)[0m  [1m[35mPRAGMA defer_foreign_keys[0m
  [1m[35m (0.0ms)[0m  [1m[35mPRAGMA defer_foreign_keys = ON[0m
  [1m[35m (0.0ms)[0m  [1m[35mPRAGMA foreign_keys = OFF[0m
  [1m[36mTruncate Tables (1.2ms)[0m  [1m[31mDELETE FROM "productions"[0m
  [1m[35m (0.1ms)[0m  [1m[35mPRAGMA defer_foreign_keys = 0[0m
  [1m[35m (0.0ms)[0m  [1m[35mPRAGMA foreign_keys = 1[0m
  [1m[35m (0.0ms)[0m  [1m[34mSELECT sqlite_version(*)[0m
  [1m[35m (0.1ms)[0m  [1m[34mSELECT "schema_migrations"."version" FROM "schema_migrations" ORDER BY "schema_migrations"."version" ASC[0m
  [1m[35m (0.1ms)[0m  [1m[34mSELECT sqlite_version(*)[0m
  [1m[36mTRANSACTION (0.0ms)[0m  [1m[36mbegin transaction[0m
  [1m[36mProduction Create (0.4ms)[0m  [1m[32mINSERT INTO "productions" ("title", "genre", "description", "budget", "image", "director", "created_at", "updated_at", "ongoing") VALUES (?, ?, ?, ?, ?, ?, ?, ?, ?)[0m  [["title", "Hamlet"], ["genre", "Horror"], ["description", "The Tragedy of Hamlet, Prince of Denmark"], ["budget", 100000.0], ["image", "https://upload.wikimedia.org/wikipedia/commons/6/6a/Edwin_Booth_Hamlet_1870.jpg"], ["director", "Bill S"], ["created_at", "2022-10-31 18:43:08.671692"], ["updated_at", "2022-10-31 18:43:08.671692"], ["ongoing", 1]]
  [1m[36mTRANSACTION (0.6ms)[0m  [1m[36mcommit transaction[0m
  [1m[36mTRANSACTION (0.0ms)[0m  [1m[36mbegin transaction[0m
  [1m[36mProduction Create (0.3ms)[0m  [1m[32mINSERT INTO "productions" ("title", "genre", "description", "budget", "image", "director", "created_at", "updated_at", "ongoing") VALUES (?, ?, ?, ?, ?, ?, ?, ?, ?)[0m  [["title", "Cats"], ["genre", "Musical"], ["description", " Jellicles cats sing and dance"], ["budget", 200000.0], ["image", "https://upload.wikimedia.org/wikipedia/en/3/3e/CatsMusicalLogo.jpg"], ["director", "Andrew Lloyd Webber"], ["created_at", "2022-10-31 18:43:08.675419"], ["updated_at", "2022-10-31 18:43:08.675419"], ["ongoing", 1]]
  [1m[36mTRANSACTION (0.6ms)[0m  [1m[36mcommit transaction[0m
  [1m[36mTRANSACTION (0.0ms)[0m  [1m[36mbegin transaction[0m
  [1m[36mProduction Create (0.3ms)[0m  [1m[32mINSERT INTO "productions" ("title", "genre", "description", "budget", "image", "director", "created_at", "updated_at", "ongoing") VALUES (?, ?, ?, ?, ?, ?, ?, ?, ?)[0m  [["title", "Carmen"], ["genre", "Opera"], ["description", "Set in southern Spain this is the story of the downfall of Don José, a naïve soldier who is seduced by the wiles of the fiery and beautiful Carmen."], ["budget", 200000.0], ["image", "https://upload.wikimedia.org/wikipedia/commons/thumb/d/d4/Prudent-Louis_Leray_-_Poster_for_the_premi%C3%A8re_of_Georges_Bizet%27s_Carmen.jpg/300px-Prudent-Louis_Leray_-_Poster_for_the_premi%C3%A8re_of_Georges_Bizet%27s_Carmen.jpg"], ["director", "Georges Bizet"], ["created_at", "2022-10-31 18:43:08.678143"], ["updated_at", "2022-10-31 18:43:08.678143"], ["ongoing", 0]]
  [1m[36mTRANSACTION (0.5ms)[0m  [1m[36mcommit transaction[0m
  [1m[36mTRANSACTION (0.0ms)[0m  [1m[36mbegin transaction[0m
  [1m[36mProduction Create (0.3ms)[0m  [1m[32mINSERT INTO "productions" ("title", "genre", "description", "budget", "image", "director", "created_at", "updated_at", "ongoing") VALUES (?, ?, ?, ?, ?, ?, ?, ?, ?)[0m  [["title", "Hamilton"], ["genre", "Musical"], ["description", "An American Musical is a sung-and-rapped-through musical by Lin-Manuel Miranda. It tells the story of American Founding Father Alexander Hamilton."], ["budget", 400000.0], ["image", "https://upload.wikimedia.org/wikipedia/en/thumb/8/83/Hamilton-poster.jpg/220px-Hamilton-poster.jpg"], ["director", "Lin-Manuel Miranda"], ["created_at", "2022-10-31 18:43:08.680683"], ["updated_at", "2022-10-31 18:43:08.680683"], ["ongoing", 0]]
  [1m[36mTRANSACTION (0.6ms)[0m  [1m[36mcommit transaction[0m
Started GET "/" for ::1 at 2022-10-31 11:59:59 -0700
  [1m[35m (1.0ms)[0m  [1m[34mSELECT sqlite_version(*)[0m
  [1m[35m (0.1ms)[0m  [1m[34mSELECT "schema_migrations"."version" FROM "schema_migrations" ORDER BY "schema_migrations"."version" ASC[0m
Processing by Rails::WelcomeController#index as HTML
  Rendering /Users/x/.rvm/gems/ruby-2.7.4/gems/railties-6.1.7/lib/rails/templates/rails/welcome/index.html.erb
  Rendered /Users/x/.rvm/gems/ruby-2.7.4/gems/railties-6.1.7/lib/rails/templates/rails/welcome/index.html.erb (Duration: 9.0ms | Allocations: 343)
Completed 200 OK in 14ms (Views: 11.5ms | ActiveRecord: 0.0ms | Allocations: 1825)


Started GET "/productions" for ::1 at 2022-10-31 12:00:17 -0700
Processing by ProductionsController#index as HTML
Completed 204 No Content in 142350ms (ActiveRecord: 0.0ms | Allocations: 55777)


Started GET "/productions" for ::1 at 2022-10-31 12:02:47 -0700
Processing by ProductionsController#index as HTML
  [1m[35m (0.1ms)[0m  [1m[34mSELECT sqlite_version(*)[0m
  ↳ app/controllers/productions_controller.rb:3:in `index'
  [1m[36mProduction Load (0.1ms)[0m  [1m[34mSELECT "productions".* FROM "productions"[0m
  ↳ app/controllers/productions_controller.rb:3:in `index'
Completed 200 OK in 13ms (Views: 11.6ms | ActiveRecord: 0.9ms | Allocations: 7455)


Started GET "/productions/1" for ::1 at 2022-10-31 12:03:58 -0700
Processing by ProductionsController#show as HTML
  Parameters: {"id"=>"1"}
Completed 204 No Content in 90622ms (Allocations: 6903)


Started GET "/productions/1" for ::1 at 2022-10-31 12:05:29 -0700
Processing by ProductionsController#show as HTML
  Parameters: {"id"=>"1"}
Completed 204 No Content in 1865ms (Allocations: 1620)


Started GET "/productions/6" for ::1 at 2022-10-31 12:05:35 -0700
Processing by ProductionsController#show as HTML
  Parameters: {"id"=>"6"}
  [1m[35m (0.1ms)[0m  [1m[34mSELECT sqlite_version(*)[0m
  ↳ app/controllers/productions_controller.rb:7:in `show'
  [1m[36mProduction Load (0.1ms)[0m  [1m[34mSELECT "productions".* FROM "productions" WHERE "productions"."id" = ? LIMIT ?[0m  [["id", 6], ["LIMIT", 1]]
  ↳ app/controllers/productions_controller.rb:7:in `show'
Completed 200 OK in 11ms (Views: 0.4ms | ActiveRecord: 0.8ms | Allocations: 6356)


  [1m[35m (1.0ms)[0m  [1m[34mSELECT sqlite_version(*)[0m
  [1m[35m (0.1ms)[0m  [1m[34mSELECT "schema_migrations"."version" FROM "schema_migrations" ORDER BY "schema_migrations"."version" ASC[0m
Migrating to CreateUsers (20221031191845)
  [1m[36mTRANSACTION (0.0ms)[0m  [1m[36mbegin transaction[0m
  [1m[35m (0.5ms)[0m  [1m[35mCREATE TABLE "users" ("id" integer PRIMARY KEY AUTOINCREMENT NOT NULL, "name" varchar, "email" varchar, "created_at" datetime(6) NOT NULL, "updated_at" datetime(6) NOT NULL)[0m
  [1m[36mActiveRecord::SchemaMigration Create (0.2ms)[0m  [1m[32mINSERT INTO "schema_migrations" ("version") VALUES (?)[0m  [["version", "20221031191845"]]
  [1m[36mTRANSACTION (1.1ms)[0m  [1m[36mcommit transaction[0m
  [1m[36mActiveRecord::InternalMetadata Load (0.1ms)[0m  [1m[34mSELECT "ar_internal_metadata".* FROM "ar_internal_metadata" WHERE "ar_internal_metadata"."key" = ? LIMIT ?[0m  [["key", "environment"], ["LIMIT", 1]]
  [1m[35m (0.0ms)[0m  [1m[34mSELECT sqlite_version(*)[0m
  [1m[35m (0.1ms)[0m  [1m[34mSELECT "schema_migrations"."version" FROM "schema_migrations" ORDER BY "schema_migrations"."version" ASC[0m
  [1m[35m (1.3ms)[0m  [1m[34mSELECT sqlite_version(*)[0m
  [1m[35m (0.3ms)[0m  [1m[34mSELECT "schema_migrations"."version" FROM "schema_migrations" ORDER BY "schema_migrations"."version" ASC[0m
  [1m[35m (0.1ms)[0m  [1m[34mSELECT "ar_internal_metadata"."value" FROM "ar_internal_metadata" WHERE "ar_internal_metadata"."key" = ?[0m  [["key", "environment"]]
  [1m[35m (0.1ms)[0m  [1m[34mSELECT "schema_migrations"."version" FROM "schema_migrations" ORDER BY "schema_migrations"."version" ASC[0m
  [1m[35m (0.1ms)[0m  [1m[34mSELECT "ar_internal_metadata"."value" FROM "ar_internal_metadata" WHERE "ar_internal_metadata"."key" = ?[0m  [["key", "environment"]]
  [1m[35m (0.1ms)[0m  [1m[34mSELECT "schema_migrations"."version" FROM "schema_migrations" ORDER BY "schema_migrations"."version" ASC[0m
  [1m[35m (0.1ms)[0m  [1m[34mSELECT "ar_internal_metadata"."value" FROM "ar_internal_metadata" WHERE "ar_internal_metadata"."key" = ?[0m  [["key", "environment"]]
  [1m[35m (0.0ms)[0m  [1m[34mSELECT sqlite_version(*)[0m
  [1m[35m (0.0ms)[0m  [1m[35mPRAGMA foreign_keys[0m
  [1m[35m (0.0ms)[0m  [1m[35mPRAGMA defer_foreign_keys[0m
  [1m[35m (0.0ms)[0m  [1m[35mPRAGMA defer_foreign_keys = ON[0m
  [1m[35m (0.0ms)[0m  [1m[35mPRAGMA foreign_keys = OFF[0m
  [1m[36mTruncate Tables (1.7ms)[0m  [1m[31mDELETE FROM "productions";
DELETE FROM "users"[0m
  [1m[35m (0.0ms)[0m  [1m[35mPRAGMA defer_foreign_keys = 0[0m
  [1m[35m (0.0ms)[0m  [1m[35mPRAGMA foreign_keys = 1[0m
  [1m[35m (0.0ms)[0m  [1m[34mSELECT sqlite_version(*)[0m
  [1m[35m (0.1ms)[0m  [1m[34mSELECT "schema_migrations"."version" FROM "schema_migrations" ORDER BY "schema_migrations"."version" ASC[0m
  [1m[35m (0.1ms)[0m  [1m[34mSELECT sqlite_version(*)[0m
  [1m[36mTRANSACTION (0.0ms)[0m  [1m[36mbegin transaction[0m
  [1m[36mProduction Create (0.4ms)[0m  [1m[32mINSERT INTO "productions" ("title", "genre", "description", "budget", "image", "director", "created_at", "updated_at", "ongoing") VALUES (?, ?, ?, ?, ?, ?, ?, ?, ?)[0m  [["title", "Hamlet"], ["genre", "Horror"], ["description", "The Tragedy of Hamlet, Prince of Denmark"], ["budget", 100000.0], ["image", "https://upload.wikimedia.org/wikipedia/commons/6/6a/Edwin_Booth_Hamlet_1870.jpg"], ["director", "Bill S"], ["created_at", "2022-10-31 19:20:48.385072"], ["updated_at", "2022-10-31 19:20:48.385072"], ["ongoing", 1]]
  [1m[36mTRANSACTION (0.8ms)[0m  [1m[36mcommit transaction[0m
  [1m[36mTRANSACTION (0.1ms)[0m  [1m[36mbegin transaction[0m
  [1m[36mProduction Create (0.4ms)[0m  [1m[32mINSERT INTO "productions" ("title", "genre", "description", "budget", "image", "director", "created_at", "updated_at", "ongoing") VALUES (?, ?, ?, ?, ?, ?, ?, ?, ?)[0m  [["title", "Cats"], ["genre", "Musical"], ["description", " Jellicles cats sing and dance"], ["budget", 200000.0], ["image", "https://upload.wikimedia.org/wikipedia/en/3/3e/CatsMusicalLogo.jpg"], ["director", "Andrew Lloyd Webber"], ["created_at", "2022-10-31 19:20:48.389198"], ["updated_at", "2022-10-31 19:20:48.389198"], ["ongoing", 1]]
  [1m[36mTRANSACTION (0.6ms)[0m  [1m[36mcommit transaction[0m
  [1m[36mTRANSACTION (0.0ms)[0m  [1m[36mbegin transaction[0m
  [1m[36mProduction Create (0.3ms)[0m  [1m[32mINSERT INTO "productions" ("title", "genre", "description", "budget", "image", "director", "created_at", "updated_at", "ongoing") VALUES (?, ?, ?, ?, ?, ?, ?, ?, ?)[0m  [["title", "Carmen"], ["genre", "Opera"], ["description", "Set in southern Spain this is the story of the downfall of Don José, a naïve soldier who is seduced by the wiles of the fiery and beautiful Carmen."], ["budget", 200000.0], ["image", "https://upload.wikimedia.org/wikipedia/commons/thumb/d/d4/Prudent-Louis_Leray_-_Poster_for_the_premi%C3%A8re_of_Georges_Bizet%27s_Carmen.jpg/300px-Prudent-Louis_Leray_-_Poster_for_the_premi%C3%A8re_of_Georges_Bizet%27s_Carmen.jpg"], ["director", "Georges Bizet"], ["created_at", "2022-10-31 19:20:48.393194"], ["updated_at", "2022-10-31 19:20:48.393194"], ["ongoing", 0]]
  [1m[36mTRANSACTION (0.7ms)[0m  [1m[36mcommit transaction[0m
  [1m[36mTRANSACTION (0.0ms)[0m  [1m[36mbegin transaction[0m
  [1m[36mProduction Create (0.3ms)[0m  [1m[32mINSERT INTO "productions" ("title", "genre", "description", "budget", "image", "director", "created_at", "updated_at", "ongoing") VALUES (?, ?, ?, ?, ?, ?, ?, ?, ?)[0m  [["title", "Hamilton"], ["genre", "Musical"], ["description", "An American Musical is a sung-and-rapped-through musical by Lin-Manuel Miranda. It tells the story of American Founding Father Alexander Hamilton."], ["budget", 400000.0], ["image", "https://upload.wikimedia.org/wikipedia/en/thumb/8/83/Hamilton-poster.jpg/220px-Hamilton-poster.jpg"], ["director", "Lin-Manuel Miranda"], ["created_at", "2022-10-31 19:20:48.396325"], ["updated_at", "2022-10-31 19:20:48.396325"], ["ongoing", 0]]
  [1m[36mTRANSACTION (0.7ms)[0m  [1m[36mcommit transaction[0m
  [1m[36mTRANSACTION (0.0ms)[0m  [1m[36mbegin transaction[0m
  [1m[36mUser Create (0.3ms)[0m  [1m[32mINSERT INTO "users" ("name", "email", "created_at", "updated_at") VALUES (?, ?, ?, ?)[0m  [["name", "rose"], ["email", "rose_is_cute@gmail.com"], ["created_at", "2022-10-31 19:20:48.403167"], ["updated_at", "2022-10-31 19:20:48.403167"]]
  [1m[36mTRANSACTION (0.7ms)[0m  [1m[36mcommit transaction[0m
  [1m[35m (0.9ms)[0m  [1m[34mSELECT sqlite_version(*)[0m
  [1m[36mUser Load (0.1ms)[0m  [1m[34mSELECT "users".* FROM "users" /* loading for inspect */ LIMIT ?[0m  [["LIMIT", 11]]
Started GET "/" for ::1 at 2022-10-31 12:25:30 -0700
  [1m[35m (0.9ms)[0m  [1m[34mSELECT sqlite_version(*)[0m
  [1m[35m (0.1ms)[0m  [1m[34mSELECT "schema_migrations"."version" FROM "schema_migrations" ORDER BY "schema_migrations"."version" ASC[0m
Processing by Rails::WelcomeController#index as HTML
  Rendering /Users/x/.rvm/gems/ruby-2.7.4/gems/railties-6.1.7/lib/rails/templates/rails/welcome/index.html.erb
  Rendered /Users/x/.rvm/gems/ruby-2.7.4/gems/railties-6.1.7/lib/rails/templates/rails/welcome/index.html.erb (Duration: 6.0ms | Allocations: 343)
Completed 200 OK in 11ms (Views: 9.1ms | ActiveRecord: 0.0ms | Allocations: 1825)


Started GET "/users" for ::1 at 2022-10-31 12:25:34 -0700
Processing by UsersController#index as HTML
  [1m[36mUser Load (0.2ms)[0m  [1m[34mSELECT "users".* FROM "users"[0m
  ↳ app/controllers/users_controller.rb:3:in `index'
Completed 200 OK in 7ms (Views: 5.2ms | ActiveRecord: 0.5ms | Allocations: 3946)


